[03:07:56] [main/INFO]: Loading Minecraft 1.21.1 with Fabric Loader 0.18.2
[03:07:56] [ForkJoinPool-1-worker-2/WARN]: The mod "accessories_compat_layer" contains invalid entries in its mod json:
- Unsupported root entry "#COMMENT_breaks" at line 53 column 20
[03:07:56] [ForkJoinPool-1-worker-2/WARN]: Mod com_github_rtyley_animated-gif-lib-for-java uses the version animated-gif-lib-1.7 which isn't compatible with Loader's extended semantic version format (Could not parse version number component 'animated'!), SemVer is recommended for reliably evaluating dependencies and prioritizing newer version
[03:07:56] [main/INFO]: Loading 202 mods:
	- accessories 1.1.0-beta.52+1.21.1
	- accessories_compat_layer 0.1.10
	   \-- mixinsquared 0.3.4
	- advancementdisable 1.0.0
	- architectury 13.0.8
	- athena 4.0.2
	- badgebox 1.1.1
	- balm 21.0.55
	   \-- kuma_api 21.0.7
	- beautify 1.3.0+1.21.1
	- biome_replacer 2.1-hippo
	- capture_xp 1.7.1-fabric-1.3.0
	- carved_wood 1.7.7
	   \-- cardinal-components-block 6.1.0
	- cloth-config 15.0.140
	   \-- cloth-basic-math 0.6.1
	- cobblecuisine 2.0.1
	- cobbledollars 2.0.0+Beta-5.1+1.21.1
	- cobblefurnies 1.0
	- cobblemon 1.7.1+1.21.1
	- cobblemon-additions 4.1.6
	- cobblenav 2.2.5
	- cobbleversebadges 1.3
	- cobbreeding 2.1.1
	- comforts 9.0.4+1.21.1
	   |-- cardinal-components-base 6.1.2
	   |-- cardinal-components-entity 6.1.2
	   \-- spectrelib 0.17.2+1.21
	        |-- com_electronwill_night-config_core 3.8.0
	        \-- com_electronwill_night-config_toml 3.8.0
	- cozyhome 1.1.20
	- debugify 1.21.1+1.0
	- defaultoptions 21.1.5
	- entityculling 1.9.4
	   |-- transition 1.0.11
	   \-- trender 1.0.10
	- fabric-api 0.116.7+1.21.1
	   |-- fabric-api-base 0.4.42+6573ed8c19
	   |-- fabric-api-lookup-api-v1 1.6.71+b559734419
	   |-- fabric-biome-api-v1 13.0.31+d527f9fd19
	   |-- fabric-block-api-v1 1.1.0+0bc3503219
	   |-- fabric-block-view-api-v2 1.0.11+ebb2264e19
	   |-- fabric-blockrenderlayer-v1 1.1.52+0af3f5a719
	   |-- fabric-client-tags-api-v1 1.1.15+6573ed8c19
	   |-- fabric-command-api-v1 1.2.49+f71b366f19
	   |-- fabric-command-api-v2 2.2.28+6ced4dd919
	   |-- fabric-commands-v0 0.2.66+df3654b319
	   |-- fabric-content-registries-v0 8.0.19+b559734419
	   |-- fabric-convention-tags-v1 2.1.5+7f945d5b19
	   |-- fabric-convention-tags-v2 2.11.1+a406e79519
	   |-- fabric-crash-report-info-v1 0.2.29+0af3f5a719
	   |-- fabric-data-attachment-api-v1 1.4.5+6116a37819
	   |-- fabric-data-generation-api-v1 20.2.34+37516cd619
	   |-- fabric-dimensions-v1 4.0.1+65213ef819
	   |-- fabric-entity-events-v1 1.8.0+2b27e0a419
	   |-- fabric-events-interaction-v0 0.7.13+ba9dae0619
	   |-- fabric-game-rule-api-v1 1.0.53+6ced4dd919
	   |-- fabric-item-api-v1 11.2.0+3b3cb2e819
	   |-- fabric-item-group-api-v1 4.1.7+def88e3a19
	   |-- fabric-key-binding-api-v1 1.0.47+0af3f5a719
	   |-- fabric-keybindings-v0 0.2.45+df3654b319
	   |-- fabric-lifecycle-events-v1 2.6.0+0865547519
	   |-- fabric-loot-api-v2 3.0.15+3f89f5a519
	   |-- fabric-loot-api-v3 1.0.3+3f89f5a519
	   |-- fabric-message-api-v1 6.0.14+8aaf3aca19
	   |-- fabric-model-loading-api-v1 2.1.0+b4d813fc19
	   |-- fabric-networking-api-v1 4.3.0+c7469b2119
	   |-- fabric-object-builder-api-v1 15.2.1+40875a9319
	   |-- fabric-particles-v1 4.0.2+6573ed8c19
	   |-- fabric-recipe-api-v1 5.0.15+2475392c19
	   |-- fabric-registry-sync-v0 5.3.1+e3eddc2119
	   |-- fabric-renderer-api-v1 3.4.1+b4d813fc19
	   |-- fabric-renderer-indigo 1.7.1+c705a49c19
	   |-- fabric-renderer-registries-v1 3.2.69+df3654b319
	   |-- fabric-rendering-data-attachment-v1 0.3.49+73761d2e19
	   |-- fabric-rendering-fluids-v1 3.1.6+1daea21519
	   |-- fabric-rendering-v0 1.1.72+df3654b319
	   |-- fabric-rendering-v1 5.1.0+ab4c25a019
	   |-- fabric-resource-conditions-api-v1 4.3.0+8dc279b119
	   |-- fabric-resource-loader-v0 1.3.1+5b5275af19
	   |-- fabric-screen-api-v1 2.0.25+8b68f1c719
	   |-- fabric-screen-handler-api-v1 1.3.90+b559734419
	   |-- fabric-sound-api-v1 1.0.23+6573ed8c19
	   |-- fabric-transfer-api-v1 5.4.3+c24bd99419
	   \-- fabric-transitive-access-wideners-v1 6.2.0+45b9699719
	- fabric-language-kotlin 1.13.8+kotlin.2.3.0
	   |-- org_jetbrains_kotlin_kotlin-reflect 2.3.0
	   |-- org_jetbrains_kotlin_kotlin-stdlib 2.3.0
	   |-- org_jetbrains_kotlin_kotlin-stdlib-jdk7 2.3.0
	   |-- org_jetbrains_kotlin_kotlin-stdlib-jdk8 2.3.0
	   |-- org_jetbrains_kotlinx_atomicfu-jvm 0.29.0
	   |-- org_jetbrains_kotlinx_kotlinx-coroutines-core-jvm 1.10.2
	   |-- org_jetbrains_kotlinx_kotlinx-coroutines-jdk8 1.10.2
	   |-- org_jetbrains_kotlinx_kotlinx-datetime-jvm 0.7.1
	   |-- org_jetbrains_kotlinx_kotlinx-io-bytestring-jvm 0.8.2
	   |-- org_jetbrains_kotlinx_kotlinx-io-core-jvm 0.8.2
	   |-- org_jetbrains_kotlinx_kotlinx-serialization-cbor-jvm 1.9.0
	   |-- org_jetbrains_kotlinx_kotlinx-serialization-core-jvm 1.9.0
	   \-- org_jetbrains_kotlinx_kotlinx-serialization-json-jvm 1.9.0
	- fabricloader 0.18.2
	   \-- mixinextras 0.5.0
	- fancymenu 3.8.1
	   |-- com_github_keksuccino_japng 0.5.3
	   \-- com_github_rtyley_animated-gif-lib-for-java animated-gif-lib-1.7
	- ferritecore 7.0.2-hotfix
	- fightorflight 0.10.3
	- forgeconfigapiport 21.1.6
	   |-- com_electronwill_night-config_core 3.8.0
	   \-- com_electronwill_night-config_toml 3.8.0
	- forgivingvoid 21.1.5
	- geckolib 4.8.2
	- globalpacks 21.0.6
	   |-- com_electronwill_night-config_core 3.8.0
	   \-- com_electronwill_night-config_toml 3.8.0
	- handcrafted 4.0.3
	- highlight 3.0.0
	- hugestructureblocks 1.1.6
	- iceberg 1.3.2
	- interactic 0.2.3+1.21
	- java 21
	- konkrete 1.9.9
	- krypton 0.2.8
	   \-- com_velocitypowered_velocity-native 3.3.0-SNAPSHOT
	- lenientdeath 1.2.5+1.21.1
	   |-- fabric-permissions-api-v0 0.2-SNAPSHOT
	   |-- jackfredlib-base 1.4.0+1.21
	   |-- jackfredlib-colour 1.1.0+1.21
	   |-- jackfredlib-config 0.2.3+1.21
	   |    |-- blue_endless_jankson 1.2.3
	   |    |-- commons-io_commons-io 2.15.1
	   |    \-- jackfredlib-base 1.4.0+1.21
	   |-- jackfredlib-lying 0.5.5+1.21
	   \-- server_translations_api 2.3.1+1.21-pre2
	        \-- packet_tweaker 0.5.1+24w03b
	- libjf 3.17.3
	   |-- libjf-base 3.17.3
	   |-- libjf-config-commands 3.17.3
	   |-- libjf-config-core-v2 3.17.3
	   |-- libjf-config-network-v0 3.17.3
	   |-- libjf-config-ui-tiny 3.17.3
	   |-- libjf-data-manipulation-v0 3.17.3
	   |-- libjf-data-v0 3.17.3
	   |-- libjf-mainhttp-v0 3.17.3
	   |-- libjf-resource-pack-entry-widgets-v0 3.17.3
	   |-- libjf-translate-v1 3.17.3
	   |-- libjf-unsafe-v0 3.17.3
	   \-- libjf-web-v1 3.17.3
	- lithium 0.15.1+mc1.21.1
	- lumymon 0.5.5
	- mega_showdown 1.4.4+1.7.1+1.21.1
	- melody 1.0.10
	- midnightlib 1.7.5
	- minecraft 1.21.1
	- moarconcrete 1.3.1
	- mobsbegone 0.0.7
	- modernfix 5.25.1+mc1.21.1
	- mr_cobblemon_journeymounts 1.6
	- nethermap 4.0.0-1.21.1
	- netherportalfix 21.1.3
	- notenoughanimations 1.11.1
	   |-- transition 1.0.11
	   \-- trender 1.0.10
	- notenoughcrashes 4.4.9+1.21.1
	- obc 1.3.0
	   \-- supermartijn642configlib 1.1.8
	- owo 0.12.15.4+1.21
	   |-- io_wispforest_endec 0.1.5.1
	   |-- io_wispforest_endec_gson 0.1.3.1
	   |-- io_wispforest_endec_jankson 0.1.3.1
	   \-- io_wispforest_endec_netty 0.1.2
	- packetfixer 3.3.1
	- pasture-loot 1.0.3+1.21.1
	- pingwheel 1.12.0
	- playerxp 1.0.3+1.21.1
	- pokeblocks 1.4.0-1.21.1
	- rctapi 0.14.4-beta
	- rctmod 0.17.4-beta
	- repurposed_structures 7.5.17+1.21.1-fabric
	- resourcefullib 3.0.12
	   |-- com_teamresourceful_bytecodecs 1.1.2
	   \-- com_teamresourceful_yabn 1.0.3
	- respackopts 4.11.3
	   |-- io_gitlab_jfronny_muscript-all 2.0.0-SNAPSHOT
	   \-- io_gitlab_jfronny_muscript-json 2.0.0-SNAPSHOT
	- roughlyenoughitems 16.0.799
	   \-- error_notifier 1.0.11
	- safepastures 1.1.1+1.21.1
	- sophisticatedbackpacks 1.21.1-3.23.4.3.106
	- sophisticatedcore 1.21.1-1.2.9.21.168
	   |-- porting_lib_conditions 3.1.0-beta.47+1.21.1
	   |-- porting_lib_core 3.1.0-beta.47+1.21.1
	   |-- porting_lib_fluids 3.1.0-beta.47+1.21.1
	   |-- porting_lib_item_abilities 3.1.0-beta.47+1.21.1
	   |-- porting_lib_lazy_registration 3.1.0-beta.47+1.21.1
	   |-- porting_lib_level_events 3.1.0-beta.47+1.21.1
	   |-- porting_lib_loot 3.1.0-beta.47+1.21.1
	   |-- porting_lib_model_loader 3.1.0-beta.47+1.21.1
	   |-- porting_lib_render_types 3.1.0-beta.47+1.21.1
	   |-- porting_lib_transfer 3.1.0-beta.47+1.21.1
	   \-- team_reborn_energy 4.1.0
	- sophisticatedstorage 1.21.1-1.3.7.9.139
	- sound_physics_remastered 1.21.1-1.5.1
	- soundsbegone 1.3.5
	   \-- com_posthog_java_posthog 1.1.0
	- stackdeobfuscator 1.4.3+08e71cc
	   |-- net_fabricmc_mapping-io 0.6.1
	   \-- stackdeobfuscator-common 1.4.3+08e71cc
	- tim_core 1.7.1-fabric-1.27.0
	- tmcraft 1.4.18+1.7.1
	- trinkets 3.10.0
	- villagerconfig 4.5.2
	   \-- fiber 0.23.0-2
	- waystones 21.1.25
	- yet_another_config_lib_v3 3.8.1+1.21.1-fabric
	   |-- com_twelvemonkeys_common_common-image 3.12.0
	   |-- com_twelvemonkeys_common_common-io 3.12.0
	   |-- com_twelvemonkeys_common_common-lang 3.12.0
	   |-- com_twelvemonkeys_imageio_imageio-core 3.12.0
	   |-- com_twelvemonkeys_imageio_imageio-metadata 3.12.0
	   |-- com_twelvemonkeys_imageio_imageio-webp 3.12.0
	   |-- org_quiltmc_parsers_gson 0.2.1
	   \-- org_quiltmc_parsers_json 0.2.1
[03:07:56] [main/INFO]: SpongePowered MIXIN Subsystem Version=0.8.7 Source=file:/workspaces/COBBLEVERSE/servidor_minecraft/libraries/net/fabricmc/sponge-mixin/0.16.5+mixin.0.8.7/sponge-mixin-0.16.5+mixin.0.8.7.jar Service=Knot/Fabric Env=SERVER
[03:07:56] [main/INFO]: Compatibility level set to JAVA_17
[03:07:56] [main/INFO]: Compatibility level set to JAVA_21
[03:07:57] [main/WARN]: Reference map 'forgeconfigapiport.common.refmap.json' for forgeconfigapiport.common.mixins.json could not be read. If this is a development environment you can ignore this message
[03:07:57] [main/WARN]: Mod 'ferritecore' attempted to override option 'mixin.alloc.blockstate', which doesn't exist, ignoring
[03:07:57] [main/INFO]: Option 'mixin.entity.collisions.fluid' requires 'mixin.util.block_tracking=true' but found 'false'. Setting 'mixin.entity.collisions.fluid=false'.
[03:07:57] [main/INFO]: Option 'mixin.experimental.entity.block_caching.block_support' requires 'mixin.util.block_tracking=true' but found 'false'. Setting 'mixin.experimental.entity.block_caching.block_support=false'.
[03:07:57] [main/INFO]: Option 'mixin.experimental.entity.block_caching.fluid_pushing' requires 'mixin.util.block_tracking=true' but found 'false'. Setting 'mixin.experimental.entity.block_caching.fluid_pushing=false'.
[03:07:57] [main/INFO]: Option 'mixin.experimental.entity.block_caching.block_touching' requires 'mixin.util.block_tracking=true' but found 'false'. Setting 'mixin.experimental.entity.block_caching.block_touching=false'.
[03:07:57] [main/INFO]: Option 'mixin.experimental.entity.block_caching.suffocation' requires 'mixin.util.block_tracking=true' but found 'false'. Setting 'mixin.experimental.entity.block_caching.suffocation=false'.
[03:07:57] [main/INFO]: Option 'mixin.experimental.entity.block_caching' requires 'mixin.util.block_tracking=true' but found 'false'. Setting 'mixin.experimental.entity.block_caching=false'.
[03:07:57] [main/INFO]: Loaded configuration file for Lithium: 149 options available, 0 override(s) found
[03:07:57] [main/INFO]: Loaded configuration file for ModernFix 5.25.1+mc1.21.1: 65 options available, 0 override(s) found
[03:07:57] [main/INFO]: Applying Nashorn fix
[03:07:57] [main/INFO]: Packet Fixer forge 1.20.5-1.21.X has been applied successfully.
[03:07:57] [main/WARN]: Reference map 'supermartijn642configlib.mixins.refmap.json' for supermartijn642configlib.mixins.json could not be read. If this is a development environment you can ignore this message
[03:07:57] [main/WARN]: Reference map 'villagerconfig.refmap.json' for villagerconfig-common.mixins.json could not be read. If this is a development environment you can ignore this message
[03:07:57] [main/WARN]: Reference map 'villagerconfig.refmap.json' for villagerconfig-fabric.mixins.json could not be read. If this is a development environment you can ignore this message
[03:07:57] [main/WARN]: Reference map 'yet_another_config_lib_v3.refmap.json' for yacl.mixins.json could not be read. If this is a development environment you can ignore this message
[03:07:57] [main/WARN]: Reference map 'yet_another_config_lib_v3.refmap.json' for yacl-fabric.mixins.json could not be read. If this is a development environment you can ignore this message
[03:07:57] [main/WARN]: Error loading class: net/minecraft/class_906 (java.lang.ClassNotFoundException: net/minecraft/class_906)
[03:07:57] [main/WARN]: @Mixin target net.minecraft.class_906 was not found porting_lib_item_abilities.mixins.json:FishingHookRendererMixin from mod porting_lib_item_abilities
[03:07:58] [main/WARN]: Error loading class: net/minecraft/class_4224 (java.lang.ClassNotFoundException: net/minecraft/class_4224)
[03:07:58] [main/WARN]: @Mixin target net.minecraft.class_4224 was not found mixins.cobblemon-common.json:ChannelMixin from mod cobblemon
[03:07:58] [main/WARN]: Error loading class: juuxel/adorn/block/variant/BlockVariantSets (java.lang.ClassNotFoundException: juuxel/adorn/block/variant/BlockVariantSets)
[03:07:58] [main/WARN]: @Mixin target juuxel.adorn.block.variant.BlockVariantSets was not found mixins.cobblemon-common.json:invoker.AdornRegisterInvoker from mod cobblemon
[03:07:58] [main/WARN]: Error loading class: net/minecraft/class_1140 (java.lang.ClassNotFoundException: net/minecraft/class_1140)
[03:07:58] [main/WARN]: @Mixin target net.minecraft.class_1140 was not found mixins.cobblemon-fabric.json:FabricSoundEngineMixin from mod cobblemon
[03:07:58] [main/WARN]: Error loading class: com/electronwill/nightconfig/core/io/IoUtils (java.lang.ClassNotFoundException: com/electronwill/nightconfig/core/io/IoUtils)
[03:07:58] [main/WARN]: Error loading class: net/minecraft/class_287 (java.lang.ClassNotFoundException: net/minecraft/class_287)
[03:07:58] [main/WARN]: @Mixin target net.minecraft.class_287 was not found owo.mixins.json:BufferBuilderAccessor from mod owo
[03:07:58] [main/WARN]: Error loading class: net/minecraft/class_437 (java.lang.ClassNotFoundException: net/minecraft/class_437)
[03:07:58] [main/WARN]: @Mixin target net.minecraft.class_437 was not found owo.mixins.json:ScreenAccessor from mod owo
[03:07:58] [main/WARN]: Error loading class: net/minecraft/class_638 (java.lang.ClassNotFoundException: net/minecraft/class_638)
[03:07:58] [main/WARN]: @Mixin target net.minecraft.class_638 was not found porting_lib_level_events.mixins.json:client.ClientLevelMixin from mod porting_lib_level_events
[03:07:58] [main/WARN]: Error loading class: net/minecraft/class_918 (java.lang.ClassNotFoundException: net/minecraft/class_918)
[03:07:58] [main/WARN]: @Mixin target net.minecraft.class_918 was not found rctmod.mixins.json:client.ItemRendererMixin from mod rctmod
[03:07:58] [main/WARN]: Error loading class: net/minecraft/class_437 (java.lang.ClassNotFoundException: net/minecraft/class_437)
[03:07:58] [main/INFO]: Registering config for libjf-translate-v1
[03:07:58] [main/INFO]: Registering config for respackopts
[03:07:59] [main/INFO]: Initializing MixinExtras via com.llamalad7.mixinextras.service.MixinExtrasServiceImpl(version=0.5.0).
[03:08:02] [main/WARN]: Method overwrite conflict for method_21740 in modernfix-common.mixins.json:perf.remove_biome_temperature_cache.BiomeMixin from mod modernfix, previously written by net.caffeinemc.mods.lithium.mixin.world.temperature_cache.BiomeMixin. Skipping method.
[03:08:06] [main/WARN]: Error loading class: net/minecraft/class_315 (java.lang.ClassNotFoundException: net/minecraft/class_315)
[03:08:06] [main/WARN]: Error loading class: net/minecraft/class_310 (java.lang.ClassNotFoundException: net/minecraft/class_310)
[03:08:06] [main/WARN]: Error loading class: net/minecraft/class_304 (java.lang.ClassNotFoundException: net/minecraft/class_304)
[03:08:06] [main/INFO]: Vanilla bootstrap took 6267 milliseconds
[03:08:06] [main/INFO]: Setting up compat modules for Accessories!
[03:08:06] [main/INFO]: Registered Trinkets Reloaded Listeners
[03:08:07] [main/INFO]: Registering Mod Items for carved_wood
[03:08:07] [main/INFO]: Registering Mod Blocks for carved_wood
[03:08:07] [main/INFO]: Registering Recipe Serializers for carved_wood
[03:08:07] [main/INFO]: CobbleCuisine >> Loaded config in memory!
[03:08:07] [main/INFO]: CobbleCuisine >> Registering Effects...
[03:08:07] [main/INFO]: CobbleCuisine >> Registering Blocks...
[03:08:07] [main/INFO]: CobbleCuisine >> Registering Items...
[03:08:07] [main/INFO]: CobbleCuisine >> Injecting Loot Tables...
[03:08:07] [main/INFO]: CobbleCuisine >> Up and running! Time spent: 70.16ms
[03:08:07] [main/ERROR]: No data fixer registered for cobbledollars:cobble_merchant
[03:08:08] [main/INFO]: Registering C2S receiver with id cobblefurnies:craft_recipe
[03:08:08] [main/INFO]: Registering C2S receiver with id cobblefurnies:toggle_stove_lid
[03:08:08] [main/WARN]: Error loading class: net/minecraft/class_465 (java.lang.ClassNotFoundException: net/minecraft/class_465)
[03:08:08] [main/WARN]: Error loading class: net/minecraft/class_465 (java.lang.ClassNotFoundException: net/minecraft/class_465)
[03:08:08] [main/WARN]: Error loading class: net/minecraft/class_1132 (java.lang.ClassNotFoundException: net/minecraft/class_1132)
[03:08:08] [main/WARN]: Error loading class: net/minecraft/class_1132 (java.lang.ClassNotFoundException: net/minecraft/class_1132)
[03:08:08] [main/INFO]: Booting LaxPermissionValidator, permissions will be checked using Minecrafts permission level system, see https://minecraft.fandom.com/wiki/Permission_level
[03:08:08] [main/INFO]: Launching Cobblemon 1.7.1 
[03:08:08] [main/INFO]: Booting FabricPermissionValidator, permissions will be checked using fabric-permissions-api, see https://github.com/lucko/fabric-permissions-api
[03:08:08] [main/ERROR]: No data fixer registered for cobblemon:pokemon
[03:08:08] [main/ERROR]: No data fixer registered for cobblemon:empty_pokeball
[03:08:08] [main/ERROR]: No data fixer registered for cobblemon:boat
[03:08:08] [main/ERROR]: No data fixer registered for cobblemon:chest_boat
[03:08:08] [main/ERROR]: No data fixer registered for cobblemon:poke_bobber
[03:08:08] [main/ERROR]: No data fixer registered for cobblemon:generic_bedrock
[03:08:08] [main/ERROR]: No data fixer registered for cobblemon:npc
[03:08:08] [main/WARN]: Error loading class: net/minecraft/class_746 (java.lang.ClassNotFoundException: net/minecraft/class_746)
[03:08:09] [main/INFO]: Starting the Best Spawner...
[03:08:09] [main/INFO]: Loaded 7 spawning condition types.
[03:08:09] [main/INFO]: Loaded 6 spawnable position types.
[03:08:09] [main/INFO]: Loaded 3 spawn detail types.
[03:08:09] [Cobblemon Showdown/INFO]: Starting showdown service...
[03:08:09] [Cobblemon Showdown/INFO]: Loaded fallback file: ./showdown/data/moves.js
[03:08:09] [Cobblemon Showdown/INFO]: Loaded fallback file: ./showdown/sim/battle-actions.js
[03:08:09] [Cobblemon Showdown/INFO]: Loaded fallback file: ./showdown/sim/pokemons.js
[03:08:09] [Cobblemon Showdown/INFO]: Loaded fallback file: ./showdown/data/abilities.js
[03:08:09] [Cobblemon Showdown/INFO]: Loaded fallback file: ./showdown/sim/side.js
[03:08:09] [Cobblemon Showdown/INFO]: Loaded fallback file: ./showdown/data/conditions.js
[03:08:09] [Cobblemon Showdown/INFO]: Loaded fallback file: ./showdown/index.js
[03:08:09] [Cobblemon Showdown/INFO]: All files are ready!
[03:08:11] [Cobblemon Showdown/INFO]: Showdown has been started!
[03:08:11] [main/INFO]: Note: Cobblemon data registries are only loaded once per server instance as Pokémon species are not safe to reload.
[03:08:11] [main/INFO]: Registered the mega_showdown:showdown/conditions registry
[03:08:11] [main/INFO]: Registered the mega_showdown:showdown/held_items registry
[03:08:11] [main/INFO]: Registered the mega_showdown:showdown/typecharts registry
[03:08:11] [main/INFO]: Registered the mega_showdown:showdown/scripts registry
[03:08:11] [main/INFO]: Registered the cobblemon:molang registry
[03:08:11] [main/INFO]: Registered the cobblemon:species_features registry
[03:08:11] [main/INFO]: Registered the cobblemon:global_species_features registry
[03:08:11] [main/INFO]: Registered the cobblemon:species_feature_assignments registry
[03:08:11] [main/INFO]: Registered the cobblemon:action_effects registry
[03:08:11] [main/INFO]: Registered the cobblemon:moves registry
[03:08:11] [main/INFO]: Registered the cobblemon:abilities registry
[03:08:11] [main/INFO]: Registered the cobblemon:behaviours registry
[03:08:11] [main/INFO]: Registered the cobblemon:species registry
[03:08:11] [main/INFO]: Registered the cobblemon:species_additions registry
[03:08:11] [main/INFO]: Registered the cobblemon:pokeballs registry
[03:08:11] [main/INFO]: Registered the cobblemon:properties_tab_completion registry
[03:08:11] [main/INFO]: Registered the cobblemon:spawn_detail_presets registry
[03:08:11] [main/INFO]: Registered the cobblemon:spawn_rules registry
[03:08:11] [main/INFO]: Registered the cobblemon:mechanics registry
[03:08:11] [main/INFO]: Registered the cobblemon:bag_items registry
[03:08:11] [main/INFO]: Registered the cobblemon:held_items registry
[03:08:11] [main/INFO]: Registered the cobblemon:dialogues registry
[03:08:11] [main/INFO]: Registered the cobblemon:natural_materials registry
[03:08:11] [main/INFO]: Registered the cobblemon:fossils registry
[03:08:11] [main/INFO]: Registered the cobblemon:npc_preset registry
[03:08:11] [main/INFO]: Registered the cobblemon:npc registry
[03:08:11] [main/INFO]: Registered the cobblemon:dex_entries registry
[03:08:11] [main/INFO]: Registered the cobblemon:dex_entry_additions registry
[03:08:11] [main/INFO]: Registered the cobblemon:dexes registry
[03:08:11] [main/INFO]: Registered the cobblemon:dex_additions registry
[03:08:11] [main/INFO]: Registered the cobblemon:cosmetic_items registry
[03:08:11] [main/INFO]: Registered the cobblemon:callbacks registry
[03:08:11] [main/INFO]: Registered the cobblemon:unlockable_pc_box_wallpapers registry
[03:08:11] [main/INFO]: Registered the cobblemon:marks registry
[03:08:11] [main/INFO]: Registered the cobblemon:starters registry
[03:08:11] [main/INFO]: Registered the cobblemon:spawn_pool_world registry
[03:08:11] [main/INFO]: Registered the cobblemon:pokerods registry
[03:08:11] [main/INFO]: Registered the cobblemon:berries registry
[03:08:11] [main/INFO]: Registered the cobblemon:seasonings registry
[03:08:11] [main/INFO]: Registered the cobblemon:pokemon_interactions registry
[03:08:11] [main/INFO]: Registered the cobblemon:spawn_bait_effects registry
[03:08:11] [main/INFO]: Registered the cobblemon:ride_settings registry
[03:08:12] [main/INFO]: Datagen: LootTableScanner disabled (set enableLootScan=true to enable).
[03:08:12] [main/INFO]: Datagen: ItemScanner disabled (set enableItemScan=true to enable).
[03:08:12] [main/INFO]: Mod compatibility check results: {cobblepedia=false, fightorflight=true, cobblenav=true, sophisticatedbackpacks=true, waystones=true, cobbledollars=true, travelersbackpack=false}
[03:08:12] [main/INFO]: Loaded lootRollMultiplierPercent = 100.0%
[03:08:12] [main/INFO]: ModifyLootTables initialized; loaded 11 configured tables
[03:08:12] [main/INFO]: LootRollScaler initialized
[03:08:12] [main/INFO]: Cobblemon Additions mod initialized successfully.
[03:08:12] [main/INFO]: Registered the cobblenav:biome_platforms registry
[03:08:12] [main/INFO]: Registering items
[03:08:12] [main/INFO]: Registering data components
[03:08:12] [main/INFO]: Registering Mod Items for cozyhome
[03:08:12] [main/WARN]: Error loading class: net/minecraft/class_310 (java.lang.ClassNotFoundException: net/minecraft/class_310)
[03:08:12] [main/WARN]: Error loading class: net/minecraft/class_310 (java.lang.ClassNotFoundException: net/minecraft/class_310)
[03:08:12] [main/INFO]: Registering ModBlocks for cozyhome
[03:08:12] [main/INFO]: Registering block entities for cozyhome
[03:08:12] [main/INFO]: Registering Item Groups for cozyhome
[03:08:12] [main/INFO]: Registering Sounds for cozyhome
[03:08:12] [main/INFO]: Registering Mod Data Components for cozyhome
[03:08:12] [main/INFO]: Enabled 28 bug fixes: [MC-2025, MC-7569, MC-8187, MC-30391, MC-69216, MC-88371, MC-89146, MC-93018, MC-100991, MC-119417, MC-119754, MC-121706, MC-121903, MC-129909, MC-132878, MC-135971, MC-155509, MC-160095, MC-179072, MC-183990, MC-199467, MC-200418, MC-206922, MC-215530, MC-223153, MC-224729, MC-231743, MC-232869]
[03:08:12] [main/INFO]: Successfully Debugify'd your game!
[03:08:12] [main/INFO]: [FANCYMENU] Loading v3.8.1 in server-side mode on FABRIC!
[03:08:12] [main/WARN]: Error loading class: net/minecraft/class_437 (java.lang.ClassNotFoundException: net/minecraft/class_437)
[03:08:12] [main/WARN]: Error loading class: net/minecraft/class_437 (java.lang.ClassNotFoundException: net/minecraft/class_437)
[03:08:12] [main/INFO]: Hello Fabric world from Fight or Flight!
[03:08:12] [main/ERROR]: No data fixer registered for fightorflight:tracing_bullet
[03:08:12] [main/ERROR]: No data fixer registered for fightorflight:arrow_projectile
[03:08:12] [main/ERROR]: No data fixer registered for fightorflight:bullet_projectile
[03:08:12] [main/ERROR]: No data fixer registered for fightorflight:spike_projectile
[03:08:12] [main/ERROR]: No data fixer registered for fightorflight:floating_spike_projectile
[03:08:12] [main/ERROR]: No data fixer registered for fightorflight:sticky_web
[03:08:12] [main/ERROR]: No data fixer registered for fightorflight:tornado
[03:08:12] [main/ERROR]: No data fixer registered for fightorflight:whirlpool
[03:08:12] [main/ERROR]: No data fixer registered for fightorflight:magic_effect
[03:08:12] [main/INFO]: Registering C2S receiver with id fightorflight:send_command
[03:08:12] [main/INFO]: Registering C2S receiver with id fightorflight:send_move_slot
[03:08:12] [main/ERROR]: No data fixer registered for handcrafted
[03:08:12] [main/INFO]: Huge Structure Blocks is now making your structure blocks even bigger!
[03:08:12] [main/INFO]: New structure size = 512
[03:08:12] [main/INFO]: Setting up file watchers
[03:08:12] [main/INFO]: [KONKRETE] Loading v1.9.9 in server-side mode on FABRIC!
[03:08:12] [main/INFO]: ---------------------------
[03:08:12] [main/INFO]: KONKRETE SHIPS AND USES THE FOLLOWING LIBRARIES:
[03:08:12] [main/INFO]:  
[03:08:12] [main/INFO]: Open Imaging Copyright © 2014 Dhyan Blum.
[03:08:12] [main/INFO]: Open Imaging is licensed under Apache-2.0.
[03:08:12] [main/INFO]:  
[03:08:12] [main/INFO]: JsonPath Copyright © 2017 Jayway.
[03:08:12] [main/INFO]: JsonPath is licensed under Apache-2.0.
[03:08:12] [main/INFO]:  
[03:08:12] [main/INFO]: Json-smart Copyright © netplex.
[03:08:12] [main/INFO]: Json-smart is licensed under Apache-2.0.
[03:08:12] [main/INFO]:  
[03:08:12] [main/INFO]: Exp4j Copyright © Frank Asseg.
[03:08:12] [main/INFO]: Exp4j is licensed under Apache-2.0. https://github.com/fasseg/exp4j
[03:08:12] [main/INFO]: ---------------------------
[03:08:12] [main/INFO]: [KONKRETE] Server-side modules initialized and ready to use!
[03:08:13] [main/INFO]: Compression will use libdeflate (Linux x86_64), encryption will use OpenSSL 3.0.x (Linux x86_64)
[03:08:13] [main/INFO]: LumyMon v0.5.5 - Made by LUMYVERSE
[03:08:13] [main/INFO]: Registering C2S receiver with id mega_showdown:mega_evo
[03:08:13] [main/INFO]: Registering C2S receiver with id mega_showdown:ultra_burst
[03:08:13] [main/INFO]: Registering C2S receiver with id mega_showdown:secret_sword_move_swap
[03:08:13] [main/WARN]: [MELODY] Disabling Melody since it's loaded server-side.
[03:08:13] [main/INFO]: Registering ModBlocks for moarconcrete
[03:08:13] [main/INFO]: We don't have to worry about people re-inventing Venezuela glisco, that's their problem for integrating the Bourgeoisie into their pack
[03:08:13] [main/INFO]: [Ping-Wheel] Init
[03:08:13] [main/INFO]: [Ping-Wheel] Loaded ServerConfig(defaultChannelMode=auto, playerTrackingEnabled=true, msToRegenerate=1000, rateLimit=5)
[03:08:13] [main/INFO]: Registering ItemGroups for pokeblocks
[03:08:13] [main/INFO]: Registering ModItems for pokeblocks
[03:08:13] [main/INFO]: Registering ModBlocks for pokeblocks
[03:08:13] [main/INFO]: Registering mod entities for pokeblocks
[03:08:13] [main/ERROR]: No data fixer registered for trainer
[03:08:13] [main/ERROR]: No data fixer registered for trainer_association
[03:08:14] [main/INFO]: Registering C2S receiver with id roughlyenoughitems:request_tags_c2s
[03:08:14] [main/INFO]: [REI] Registered plugin provider DefaultPlugin [roughlyenoughitems] for REIPlugin
[03:08:14] [main/INFO]: [REI] Registered plugin provider DefaultRuntimePlugin [roughlyenoughitems] for REIPlugin
[03:08:14] [main/INFO]: [REI] Registered plugin provider REIServerCompat [sophisticatedbackpacks] for REIPlugin
[03:08:14] [main/INFO]: [REI] Registered plugin provider REIServerCompat [sophisticatedcore] for REIPlugin
[03:08:14] [main/INFO]: [REI] Registered plugin provider REIServerCompat [sophisticatedstorage] for REIPlugin
[03:08:14] [main/INFO]: [REI] Registered plugin provider DefaultPlugin [roughlyenoughitems] for REIServerPlugin
[03:08:14] [main/INFO]: [REI] Registered plugin provider DefaultRuntimePlugin [roughlyenoughitems] for REIServerPlugin
[03:08:14] [main/INFO]: [REI] Registered plugin provider REIServerCompat [sophisticatedbackpacks] for REIServerPlugin
[03:08:14] [main/INFO]: [REI] Registered plugin provider REIServerCompat [sophisticatedcore] for REIServerPlugin
[03:08:14] [main/INFO]: [REI] Registered plugin provider REIServerCompat [sophisticatedstorage] for REIServerPlugin
[03:08:14] [main/INFO]: [REI] Registered plugin provider FabricFluidAPISupportPlugin for REIServerPlugin
[03:08:14] [main/INFO]: [REI] Registered plugin provider FabricFluidAPISupportPlugin for REIPlugin
[03:08:14] [main/INFO]: Registering C2S receiver with id roughlyenoughitems:delete_item
[03:08:14] [main/INFO]: Registering C2S receiver with id roughlyenoughitems:create_item
[03:08:14] [main/INFO]: Registering C2S receiver with id roughlyenoughitems:create_item_grab
[03:08:14] [main/INFO]: Registering C2S receiver with id roughlyenoughitems:create_item_hotbar
[03:08:14] [main/INFO]: Registering C2S receiver with id roughlyenoughitems:move_items
[03:08:14] [main/INFO]: Registering C2S receiver with id roughlyenoughitems:move_items_new
[03:08:14] [ToggleableConfigWatchService/INFO]: Registering config for libjf-config-core-v2
[03:08:14] [ToggleableConfigWatchService/INFO]: Created config watch service
[03:08:14] [main/ERROR]: No data fixer registered for 
[03:08:14] [main/INFO]: Creating asynchronous mapping cache executor...
[03:08:14] [Mappings Cache Thread #1/INFO]: Verifying cache of yarn mappings...
[03:08:14] [Mappings Cache Thread #1/INFO]: Latest build for yarn is already cached (0 hour(s) ago, refresh in 48 hour(s))
[03:08:14] [Mappings Cache Thread #1/INFO]: Mappings for yarn build 1.21.1+build.3 are already downloaded
[03:08:14] [Mappings Cache Thread #1/INFO]: Verified cache of yarn mappings (took 1ms)
[03:08:14] [Mappings Cache Thread #1/INFO]: Parsing yarn mappings...
[03:08:15] [Mappings Cache Thread #1/INFO]: Parsed yarn mappings (took 301ms)
[03:08:15] [Mappings Cache Thread #1/INFO]: Caching yarn mappings...
[03:08:15] [Mappings Cache Thread #1/INFO]: Cached yarn mappings (took 106ms)
[03:08:15] [Mappings Cache Thread #1/INFO]: Cached mappings have been built (took 415ms)
[03:08:15] [Mappings Cache Thread #1/INFO]:   Classes: 7535
[03:08:15] [Mappings Cache Thread #1/INFO]:   Methods: 27638
[03:08:15] [Mappings Cache Thread #1/INFO]:   Fields: 32194
[03:08:15] [ForkJoinPool.commonPool-worker-1/INFO]: Shutting down asynchronous mapping cache executor...
[03:08:15] [ForkJoinPool.commonPool-worker-1/INFO]: Injecting into root logger...
[03:08:15] [main/INFO]: Krypton is now accelerating your Minecraft server's networking stack 🚀
[03:08:15] [main/INFO]: Environment: Environment[sessionHost=https://sessionserver.mojang.com, servicesHost=https://api.minecraftservices.com, name=PROD]
[03:08:15] [main/INFO]: Found new data pack COBBLEVERSE-RCT-DP-v16.zip, loading it automatically
[03:08:15] [main/INFO]: Found new data pack COBBLEVERSE-Loot-DP-v8.zip, loading it automatically
[03:08:15] [main/INFO]: Found new data pack COBBLEVERSE - No Ender Dragon.zip, loading it automatically
[03:08:15] [main/INFO]: Found new data pack COBBLEVERSE - No Hunger.zip, loading it automatically
[03:08:15] [main/INFO]: Found new data pack CurseForge-DP-v8.zip, loading it automatically
[03:08:15] [main/INFO]: Found new data pack COBBLEVERSE-DP-v16-CF.zip, loading it automatically
[03:08:17] [Worker-Main-3/WARN]: Found loot table element validation problem in {minecraft:loot_table/bca:general/potions}.pools[0].entries[2]: Unknown loot table called bca:support_tables/mulch
[03:08:18] [Worker-Main-3/INFO]: Loading config file lenientdeath.json5
[03:08:18] [Worker-Main-1/INFO]: All Tags to be dealt with: [accessories:back]
[03:08:18] [Worker-Main-1/WARN]: [RuntimeTagModification] Adding Entries from [trinkets:chest/back] to [accessories:back]: 
     [sophisticatedbackpacks:backpack (from sophisticatedbackpacks), sophisticatedbackpacks:copper_backpack (from sophisticatedbackpacks), sophisticatedbackpacks:iron_backpack (from sophisticatedbackpacks), sophisticatedbackpacks:gold_backpack (from sophisticatedbackpacks), sophisticatedbackpacks:diamond_backpack (from sophisticatedbackpacks), sophisticatedbackpacks:netherite_backpack (from sophisticatedbackpacks)]
[03:08:18] [Worker-Main-3/INFO]: [FOF] Preparing to read move data
[03:08:18] [Worker-Main-3/INFO]: Loaded 3 Custom Model Data mappings from Data Packs.
[03:08:19] [main/INFO]: Loaded 5593 recipes
[03:08:19] [main/INFO]: Loaded 4700 advancements
[03:08:20] [main/INFO]: Loaded 10 server scripts and 1 client scripts
[03:08:23] [main/INFO]: Loaded 937 moves
[03:08:23] [main/INFO]: Loaded 324 abilities
[03:08:23] [main/INFO]: FOF tasks injected
[03:08:23] [main/INFO]: Loaded 49 entity behaviours
[03:08:24] [main/INFO]: Finished additions
[03:08:25] [cobblemon Datafixer Bootstrap/INFO]: 4 Datafixer optimizations took 41 milliseconds
[03:08:26] [main/INFO]: Loaded 1025 Pokémon species
[03:08:26] [main/INFO]: Loaded 27 spawn detail presets.
[03:08:26] [main/INFO]: Starting dummy Showdown battle to force it to pre-load data.
[03:08:26] [main/INFO]: Imported 266 held item IDs from showdown
[03:08:26] [main/INFO]: Loaded 19 fossils
[03:08:26] [main/ERROR]: Invalid path in mod resource-pack cobblemon: cobblemon:dex_entry_additions/README.md, ignoring
[03:08:26] [main/ERROR]: Invalid path in mod resource-pack cobblemon: cobblemon:dex_additions/README.md, ignoring
[03:08:26] [main/INFO]: Loaded 6 callbacks and 0 client callbacks
[03:08:26] [main/INFO]: Loaded 168 marks
[03:08:27] [main/ERROR]: Unknown preset name: village.
[03:08:27] [main/ERROR]: Unknown preset name: village.
[03:08:27] [main/ERROR]: Unknown preset name: flowers.
[03:08:27] [main/ERROR]: Unknown preset name: flowers.
[03:08:27] [main/ERROR]: Unknown preset name: underwater.
[03:08:27] [main/ERROR]: Unknown preset name: underwater.
[03:08:27] [main/ERROR]: Unknown preset name: underground.
[03:08:27] [main/ERROR]: Unknown preset name: underground.
[03:08:27] [main/ERROR]: Unknown preset name: underground.
[03:08:27] [main/ERROR]: Unknown preset name: underground.
[03:08:27] [main/ERROR]: Unknown preset name: flowers.
[03:08:27] [main/ERROR]: Unknown preset name: underground.
[03:08:27] [main/ERROR]: Unknown preset name: ruins.
[03:08:27] [main/ERROR]: Unknown preset name: underwater.
[03:08:27] [main/ERROR]: Unknown preset name: underwater.
[03:08:27] [main/ERROR]: Unknown preset name: underwater.
[03:08:27] [main/ERROR]: Unknown preset name: underwater.
[03:08:27] [main/ERROR]: Unknown preset name: underwater.
[03:08:27] [main/ERROR]: Unknown preset name: underwater.
[03:08:27] [main/ERROR]: Unknown preset name: water_surface.
[03:08:28] [main/ERROR]: Unknown preset name: water_surface.
[03:08:28] [main/ERROR]: Unknown preset name: water_surface.
[03:08:28] [main/ERROR]: Unknown preset name: underwater.
[03:08:28] [main/ERROR]: Unknown preset name: underwater.
[03:08:28] [main/ERROR]: Unknown preset name: village.
[03:08:28] [main/ERROR]: Unknown preset name: underground.
[03:08:28] [main/ERROR]: Unknown preset name: ruins.
[03:08:28] [main/INFO]: Loaded 70 berries
[03:08:28] [main/INFO]: Loaded 137 Pokémon interaction sets
[03:08:28] [main/INFO]: Loaded 17 biome platforms
[03:08:28] [main/INFO]: Loading configuration
[03:08:28] [main/INFO]: [FOF] 72 move data files processed.
[03:08:28] [main/INFO]: Custom Model Data Mappings are now ready.
[03:08:28] [main/INFO]: [REI] ++++++++++++++++++++++++++++++++++++++++
[03:08:28] [main/INFO]: [REI] REIPlugin starting main-reload for START.
[03:08:28] [main/INFO]: [REI] Plugins (6):
[03:08:28] [main/INFO]: [REI]  - (-100.00) DefaultPlugin of DefaultPlugin [roughlyenoughitems]
[03:08:28] [main/INFO]: [REI]  - (0.00) FabricFluidAPISupportPlugin
[03:08:28] [main/INFO]: [REI]  - (0.00) REIServerCompat of REIServerCompat [sophisticatedstorage]
[03:08:28] [main/INFO]: [REI]  - (0.00) REIServerCompat of REIServerCompat [sophisticatedcore]
[03:08:28] [main/INFO]: [REI]  - (0.00) REIServerCompat of REIServerCompat [sophisticatedbackpacks]
[03:08:28] [main/INFO]: [REI]  - (0.00) DefaultRuntimePlugin of DefaultRuntimePlugin [roughlyenoughitems]
[03:08:28] [main/INFO]: [REI] ++++++++++++++++++++++++++++++++++++++++
[03:08:28] [main/INFO]: [REI] ----------------------------------------
[03:08:28] [main/INFO]: [REI] REIServerPlugin starting main-reload for START.
[03:08:28] [main/INFO]: [REI] Plugins (6):
[03:08:28] [main/INFO]: [REI]  - (-100.00) DefaultPlugin of DefaultPlugin [roughlyenoughitems]
[03:08:28] [main/INFO]: [REI]  - (0.00) FabricFluidAPISupportPlugin
[03:08:28] [main/INFO]: [REI]  - (0.00) REIServerCompat of REIServerCompat [sophisticatedstorage]
[03:08:28] [main/INFO]: [REI]  - (0.00) REIServerCompat of REIServerCompat [sophisticatedcore]
[03:08:28] [main/INFO]: [REI]  - (0.00) REIServerCompat of REIServerCompat [sophisticatedbackpacks]
[03:08:28] [main/INFO]: [REI]  - (0.00) DefaultRuntimePlugin of DefaultRuntimePlugin [roughlyenoughitems]
[03:08:28] [main/INFO]: [REI] ----------------------------------------
[03:08:28] [main/INFO]: [REI] REIPlugin finished post-reload for START in 1.970 ms, totaling 44.11 ms.
[03:08:28] [main/INFO]: [REI] REIServerPlugin finished post-reload for START in 739.3 μs, totaling 5.820 ms.
[03:08:28] [main/INFO]: [REI] ~~~~~~~~~~~~~~~~~~~~~~~~~~~~~~~~~~~~~~~~
[03:08:28] [main/INFO]: [REI] REIPlugin starting main-reload for END.
[03:08:28] [main/INFO]: [REI] Plugins (6):
[03:08:28] [main/INFO]: [REI]  - (-100.00) DefaultPlugin of DefaultPlugin [roughlyenoughitems]
[03:08:28] [main/INFO]: [REI]  - (0.00) FabricFluidAPISupportPlugin
[03:08:28] [main/INFO]: [REI]  - (0.00) REIServerCompat of REIServerCompat [sophisticatedstorage]
[03:08:28] [main/INFO]: [REI]  - (0.00) REIServerCompat of REIServerCompat [sophisticatedcore]
[03:08:28] [main/INFO]: [REI]  - (0.00) REIServerCompat of REIServerCompat [sophisticatedbackpacks]
[03:08:28] [main/INFO]: [REI]  - (0.00) DefaultRuntimePlugin of DefaultRuntimePlugin [roughlyenoughitems]
[03:08:28] [main/INFO]: [REI] ~~~~~~~~~~~~~~~~~~~~~~~~~~~~~~~~~~~~~~~~
[03:08:28] [main/INFO]: [REI] ~~~~~~~~~~~~~~~~~~~~~~~~~~~~~~~~~~~~~~~~
[03:08:28] [main/INFO]: [REI] REIServerPlugin starting main-reload for END.
[03:08:28] [main/INFO]: [REI] Plugins (6):
[03:08:28] [main/INFO]: [REI]  - (-100.00) DefaultPlugin of DefaultPlugin [roughlyenoughitems]
[03:08:28] [main/INFO]: [REI]  - (0.00) FabricFluidAPISupportPlugin
[03:08:28] [main/INFO]: [REI]  - (0.00) REIServerCompat of REIServerCompat [sophisticatedstorage]
[03:08:28] [main/INFO]: [REI]  - (0.00) REIServerCompat of REIServerCompat [sophisticatedcore]
[03:08:28] [main/INFO]: [REI]  - (0.00) REIServerCompat of REIServerCompat [sophisticatedbackpacks]
[03:08:28] [main/INFO]: [REI]  - (0.00) DefaultRuntimePlugin of DefaultRuntimePlugin [roughlyenoughitems]
[03:08:28] [main/INFO]: [REI] ~~~~~~~~~~~~~~~~~~~~~~~~~~~~~~~~~~~~~~~~
[03:08:28] [main/INFO]: [REI] REIPlugin finished post-reload for END in 2.907 ms, totaling 39.09 ms.
[03:08:28] [main/INFO]: [REI] REIServerPlugin finished post-reload for END in 2.597 ms, totaling 15.11 ms.
[03:08:28] [ForkJoinPool.commonPool-worker-1/INFO]: Loaded 48 translation keys
[03:08:28] [main/INFO]: Loaded 1 trades
[03:08:28] [main/WARN]: Not all defined tags for registry ResourceKey[minecraft:root / minecraft:item] are present in data pack: cobblemon:mint_leaf, mega_showdown:rotom_appliances
[03:08:28] [main/INFO]: [BiomeReplacer] Loaded 0 rules (0 direct, 0 tag-based) and ignored 0
[03:08:28] [main/INFO]: [BiomeReplacer] No rules found, not replacing anything
[03:08:28] [main/WARN]: Initial datapack load took 12.95 s
[03:08:28] [main/INFO]: Applied 863 biome modifications to 64 of 64 new biomes in 27.80 ms
[03:08:28] [Server thread/INFO]: Loading default shop config...
[03:08:28] [Server thread/INFO]: Default shop config loaded!
[03:08:28] [Server thread/INFO]: Loading bank config...
[03:08:28] [Server thread/INFO]: Bank config loaded!
[03:08:28] [Server thread/WARN]: Error loading class: com/github/d0ctorleon/mythsandlegends/cobblemon/spawning/condition/item/KeyItemCondition (java.lang.ClassNotFoundException: com/github/d0ctorleon/mythsandlegends/cobblemon/spawning/condition/item/KeyItemCondition)
[03:08:28] [Server thread/INFO]: Registered 8 collectors and 4 block collectors
[03:08:28] [Server thread/INFO]: MobsBeGone >> Total Entity Types: 154 | Bit Array Size: 3 longs / 192 bits | Blacklisted Entities: 82
[03:08:28] [Server thread/INFO]: MobsBeGone >> Up and running!
[03:08:28] [Server thread/INFO]: Starting minecraft server version 1.21.1
[03:08:28] [Server thread/INFO]: Loading properties
[03:08:28] [Server thread/INFO]: Default game type: SURVIVAL
[03:08:28] [Server thread/INFO]: Generating keypair
[03:08:29] [Server thread/INFO]: Starting Minecraft server on *:25565
[03:08:29] [Server thread/INFO]: Using epoll channel type
[03:08:29] [Server thread/WARN]: **** SERVER IS RUNNING IN OFFLINE/INSECURE MODE!
[03:08:29] [Server thread/WARN]: The server will make no attempt to authenticate usernames. Beware.
[03:08:29] [Server thread/WARN]: While this makes the game possible to play without internet access, it also opens up the ability for hackers to connect with any username they choose.
[03:08:29] [Server thread/WARN]: To change this, set "online-mode" to "true" in the server.properties file.
[03:08:29] [Server thread/INFO]: Preparing level "world"
[03:08:29] [Server thread/INFO]: Preparing start region for dimension minecraft:overworld
[03:08:29] [Server thread/WARN]: Method overwrite conflict for removeIf in modernfix-common.mixins.json:bugfix.paper_chunk_patches.SortedArraySetMixin from mod modernfix, previously written by net.caffeinemc.mods.lithium.mixin.collections.chunk_tickets.SortedArraySetMixin. Skipping method.
[03:08:30] [Worker-Main-2/INFO]: Preparing spawn area: 0%
[03:08:30] [Worker-Main-2/INFO]: Preparing spawn area: 0%
[03:08:30] [Server thread/INFO]: Time elapsed: 736 ms
[03:08:30] [Server thread/INFO]: Done (1.056s)! For help, type "help"
[03:08:30] [Server thread/WARN]: Dedicated server took 35.37 seconds to load
[03:08:30] [Server thread/INFO]: Optimizing spawn pools...
[03:08:30] [Server thread/INFO]: Data pack initialized: rctmod
[03:08:30] [Server thread/INFO]: Data pack initialized: COBBLEVERSE-RCT-DP-v16.zip
[03:08:36] [Server thread/INFO]: Registered 1664 trainers
[03:08:36] [Server thread/WARN]: Can't keep up! Is the server overloaded? Running 5767ms or 115 ticks behind
[03:14:05] [Server thread/INFO]: com.mojang.authlib.GameProfile@330db87c[id=8fe4f288-b442-3c15-b7e8-6e4170c8db95,name=joshtin25,properties={}] lost connection: Disconnected
